<?xml version="1.0" encoding="UTF-8"?>
<!-- Generated by org.testng.reporters.JUnitReportReporter -->
<testsuite skipped="0" hostname="WKWIN0391205" name="com.qa.testcases.LoginPageTest" tests="1" failures="0" timestamp="19 Sep 2018 10:44:21 GMT" time="3.865" errors="0">
  <testcase name="loginPageTitleTest" time="3.865" classname="com.qa.testcases.LoginPageTest"/>
</testsuite> <!-- com.qa.testcases.LoginPageTest -->
