<?xml version="1.0" encoding="UTF-8"?>
<!-- Generated by org.testng.reporters.JUnitReportReporter -->
<testsuite skipped="1" hostname="WKWIN0391205" name="com.qa.testcases.MyFirstTest" tests="3" failures="0" timestamp="27 Sep 2018 06:36:11 GMT" time="10.969" errors="0">
  <testcase name="myFirstTestt" time="5.725" classname="com.qa.testcases.MyFirstTest"/>
  <testcase name="myFirstTestt" time="0.053" classname="com.qa.testcases.MyFirstTest">
    <skipped/>
  </testcase> <!-- myFirstTestt -->
  <testcase name="mySecondTestt" time="5.191" classname="com.qa.testcases.MyFirstTest"/>
</testsuite> <!-- com.qa.testcases.MyFirstTest -->
