<?xml version="1.0" encoding="UTF-8"?>
<!-- Generated by org.testng.reporters.JUnitReportReporter -->
<testsuite skipped="2" hostname="WKWIN0391205" name="com.qa.testcases.MyFirstTest" tests="3" failures="0" timestamp="05 Sep 2018 07:23:19 GMT" time="20.229" errors="0">
  <testcase name="mySecondTestt" time="1.754" classname="com.qa.testcases.MyFirstTest">
    <skipped/>
  </testcase> <!-- mySecondTestt -->
  <testcase name="myFirstTestt" time="18.395" classname="com.qa.testcases.MyFirstTest"/>
  <testcase name="myFirstTestt" time="0.080" classname="com.qa.testcases.MyFirstTest">
    <skipped/>
  </testcase> <!-- myFirstTestt -->
</testsuite> <!-- com.qa.testcases.MyFirstTest -->
