<?xml version="1.0" encoding="UTF-8"?>
<!-- Generated by org.testng.reporters.JUnitReportReporter -->
<testsuite skipped="0" hostname="WKWIN0391205" name="com.qa.util.runner" tests="1" failures="0" timestamp="28 Sep 2018 02:18:51 GMT" time="39.367" errors="0">
  <testcase name="test_runner" time="39.367" classname="com.qa.util.runner"/>
</testsuite> <!-- com.qa.util.runner -->
