<?xml version="1.0" encoding="UTF-8"?>
<!-- Generated by org.testng.reporters.JUnitReportReporter -->
<testsuite skipped="0" hostname="WKWIN0391205" name="com.qa.util.TestUtil" tests="1" failures="0" timestamp="03 Sep 2018 15:00:55 GMT" time="0.479" errors="0">
  <testcase name="testing" time="0.479" classname="com.qa.util.TestUtil"/>
</testsuite> <!-- com.qa.util.TestUtil -->
