<?xml version="1.0" encoding="UTF-8"?>
<!-- Generated by org.testng.reporters.JUnitReportReporter -->
<testsuite skipped="3" hostname="WKWIN0391205" name="com.qa.testcases.MyFirstTest" tests="3" failures="0" timestamp="26 Sep 2018 17:24:07 GMT" time="0.368" errors="0">
  <testcase name="myFirstTestt" time="0.147" classname="com.qa.testcases.MyFirstTest">
    <skipped/>
  </testcase> <!-- myFirstTestt -->
  <testcase name="mySecondTestt" time="0.079" classname="com.qa.testcases.MyFirstTest">
    <skipped/>
  </testcase> <!-- mySecondTestt -->
  <testcase name="myFirstTestt" time="0.142" classname="com.qa.testcases.MyFirstTest">
    <skipped/>
  </testcase> <!-- myFirstTestt -->
</testsuite> <!-- com.qa.testcases.MyFirstTest -->
