<?xml version="1.0" encoding="UTF-8"?>
<!-- Generated by org.testng.reporters.JUnitReportReporter -->
<testsuite skipped="0" hostname="WKWIN0391205" name="com.qa.testcases.LoginPageTest" tests="1" failures="0" timestamp="17 Oct 2018 07:40:38 GMT" time="0.541" errors="0">
  <testcase name="loginPageTitleTest" time="0.541" classname="com.qa.testcases.LoginPageTest"/>
</testsuite> <!-- com.qa.testcases.LoginPageTest -->
