<?xml version="1.0" encoding="UTF-8"?>
<!-- Generated by org.testng.reporters.JUnitReportReporter -->
<testsuite skipped="3" hostname="WKWIN0391205" name="com.qa.testcases.MyFirstTest" tests="3" failures="0" timestamp="17 Oct 2018 07:40:38 GMT" time="0.177" errors="0">
  <testcase name="myFirstTestt" time="0.040" classname="com.qa.testcases.MyFirstTest">
    <skipped/>
  </testcase> <!-- myFirstTestt -->
  <testcase name="mySecondTestt" time="0.054" classname="com.qa.testcases.MyFirstTest">
    <skipped/>
  </testcase> <!-- mySecondTestt -->
  <testcase name="myFirstTestt" time="0.083" classname="com.qa.testcases.MyFirstTest">
    <skipped/>
  </testcase> <!-- myFirstTestt -->
</testsuite> <!-- com.qa.testcases.MyFirstTest -->
