<?xml version="1.0" encoding="UTF-8"?>
<!-- Generated by org.testng.reporters.JUnitReportReporter -->
<testsuite skipped="0" hostname="WKWIN0391205" name="com.qa.testcases.LoginPageTest" tests="1" failures="0" timestamp="05 Sep 2018 18:20:47 GMT" time="31.858" errors="0">
  <testcase name="loginPageTitleTest" time="31.858" classname="com.qa.testcases.LoginPageTest"/>
</testsuite> <!-- com.qa.testcases.LoginPageTest -->
