<?xml version="1.0" encoding="UTF-8"?>
<!-- Generated by org.testng.reporters.JUnitReportReporter -->
<testsuite skipped="0" hostname="WKWIN0391205" name="com.qa.testcases.LoginPageTest" tests="1" failures="0" timestamp="05 Sep 2018 16:44:19 GMT" time="29.569" errors="0">
  <testcase name="loginPageTitleTest" time="29.569" classname="com.qa.testcases.LoginPageTest"/>
</testsuite> <!-- com.qa.testcases.LoginPageTest -->
