<?xml version="1.0" encoding="UTF-8"?>
<!-- Generated by org.testng.reporters.JUnitReportReporter -->
<testsuite skipped="1" hostname="WKWIN0391205" name="com.qa.testcases.LoginPageTest" tests="1" failures="0" timestamp="28 Sep 2018 02:28:25 GMT" time="0.050" errors="0">
  <testcase name="loginPageTitleTest" time="0.050" classname="com.qa.testcases.LoginPageTest">
    <skipped/>
  </testcase> <!-- loginPageTitleTest -->
</testsuite> <!-- com.qa.testcases.LoginPageTest -->
