<?xml version="1.0" encoding="UTF-8"?>
<!-- Generated by org.testng.reporters.JUnitReportReporter -->
<testsuite skipped="3" hostname="WKWIN0391205" name="com.qa.testcases.MyFirstTest" tests="3" failures="0" timestamp="05 Sep 2018 18:20:47 GMT" time="0.335" errors="0">
  <testcase name="myFirstTestt" time="0.120" classname="com.qa.testcases.MyFirstTest">
    <skipped/>
  </testcase> <!-- myFirstTestt -->
  <testcase name="myFirstTestt" time="0.100" classname="com.qa.testcases.MyFirstTest">
    <skipped/>
  </testcase> <!-- myFirstTestt -->
  <testcase name="mySecondTestt" time="0.115" classname="com.qa.testcases.MyFirstTest">
    <skipped/>
  </testcase> <!-- mySecondTestt -->
</testsuite> <!-- com.qa.testcases.MyFirstTest -->
