<?xml version="1.0" encoding="UTF-8"?>
<!-- Generated by org.testng.reporters.JUnitReportReporter -->
<testsuite skipped="2" hostname="WKWIN0391205" name="com.qa.testcases.MyFirstTest" tests="3" failures="0" timestamp="05 Sep 2018 16:44:19 GMT" time="34.949" errors="0">
  <testcase name="mySecondTestt" time="6.790" classname="com.qa.testcases.MyFirstTest">
    <skipped/>
  </testcase> <!-- mySecondTestt -->
  <testcase name="myFirstTestt" time="0.120" classname="com.qa.testcases.MyFirstTest">
    <skipped/>
  </testcase> <!-- myFirstTestt -->
  <testcase name="myFirstTestt" time="28.039" classname="com.qa.testcases.MyFirstTest"/>
</testsuite> <!-- com.qa.testcases.MyFirstTest -->
